<?xml version="1.0" encoding="UTF-8"?>
<!-- Generated by org.testng.reporters.JUnitReportReporter -->
<testsuite hostname="Subhendu" failures="0" tests="1" name="NewAutomationProject.Automation.FirstTest" time="14.700" errors="0" timestamp="2023-08-01T23:51:40 IST" skipped="0">
  <testcase classname="NewAutomationProject.Automation.FirstTest" name="TestGoogle" time="14.700"/>
  <system-out/>
</testsuite> <!-- NewAutomationProject.Automation.FirstTest -->
