<?xml version="1.0" encoding="UTF-8"?>
<!-- Generated by org.testng.reporters.JUnitReportReporter -->
<testsuite hostname="Subhendu" failures="0" tests="1" name="NewAutomationProject.Automation.TestClass" time="0.023" errors="0" timestamp="2023-08-01T23:57:17 IST" skipped="0">
  <testcase classname="NewAutomationProject.Automation.TestClass" name="diplay" time="0.023"/>
  <system-out/>
</testsuite> <!-- NewAutomationProject.Automation.TestClass -->
