<?xml version="1.0" encoding="UTF-8"?>
<!-- Generated by org.testng.reporters.JUnitReportReporter -->
<testsuite hostname="Subhendu" failures="0" tests="1" name="NewAutomationProject.Automation.RediffTest" time="5.315" errors="0" timestamp="2023-08-04T00:54:48 IST" skipped="0">
  <testcase classname="NewAutomationProject.Automation.RediffTest" name="redifTest" time="5.315"/>
  <system-out/>
</testsuite> <!-- NewAutomationProject.Automation.RediffTest -->
