<?xml version="1.0" encoding="UTF-8"?>
<!-- Generated by org.testng.reporters.JUnitReportReporter -->
<testsuite hostname="Subhendu" failures="0" tests="1" name="NewAutomationProject.Automation.FirstTest" time="11.900" errors="0" timestamp="2023-08-02T00:03:46 IST" skipped="0">
  <testcase classname="NewAutomationProject.Automation.FirstTest" name="TestGoogle" time="11.900"/>
  <system-out/>
</testsuite> <!-- NewAutomationProject.Automation.FirstTest -->
